21:24:10 [Skill] INFO  Skill:139 - Connecting to Furhat server on 0.0.0.0:1932
21:24:15 [GettingstartedSkill] INFO  GettingstartedSkill:166 - Starting skill
21:24:56 [GettingstartedSkill] ERROR TriggerRunner: 33 - Error
java.lang.NullPointerException
	at furhatos.records.GenericRecord.adjoin(GenericRecord.java:887)
	at furhatos.app.gettingstarted.flow.InteractionKt$MoreOrder$1$5.invoke(interaction.kt:82)
	at furhatos.app.gettingstarted.flow.InteractionKt$MoreOrder$1$5.invoke(interaction.kt)
	at furhatos.flow.kotlin.TriggerRunner.run(TriggerRunner.kt:31)
	at furhatos.flow.kotlin.Runner.runTrigger(Runner.kt:204)
	at furhatos.flow.kotlin.Runner.runTrigger$default(Runner.kt:176)
	at furhatos.flow.kotlin.StateRunner.run(StateRunner.kt:57)
	at furhatos.flow.kotlin.Flow.tailRecRun(Flow.kt:146)
	at furhatos.flow.kotlin.Flow.run(Flow.kt:110)
	at furhatos.app.gettingstarted.GettingstartedSkill.start(main.kt:9)
	at furhatos.skills.Skill.initializeSkill(Skill.java:169)
	at furhatos.skills.Skill.lambda$startSkill$2(Skill.java:227)
	at java.lang.Thread.run(Thread.java:748)
21:26:00 [GettingstartedSkill] ERROR TriggerRunner: 33 - Error
java.lang.NullPointerException
	at furhatos.records.GenericRecord.adjoin(GenericRecord.java:887)
	at furhatos.app.gettingstarted.flow.InteractionKt$MoreOrder$1$5.invoke(interaction.kt:82)
	at furhatos.app.gettingstarted.flow.InteractionKt$MoreOrder$1$5.invoke(interaction.kt)
	at furhatos.flow.kotlin.TriggerRunner.run(TriggerRunner.kt:31)
	at furhatos.flow.kotlin.Runner.runTrigger(Runner.kt:204)
	at furhatos.flow.kotlin.Runner.runTrigger$default(Runner.kt:176)
	at furhatos.flow.kotlin.StateRunner.run(StateRunner.kt:57)
	at furhatos.flow.kotlin.Flow.tailRecRun(Flow.kt:146)
	at furhatos.flow.kotlin.Flow.run(Flow.kt:110)
	at furhatos.app.gettingstarted.GettingstartedSkill.start(main.kt:9)
	at furhatos.skills.Skill.initializeSkill(Skill.java:169)
	at furhatos.skills.Skill.lambda$startSkill$2(Skill.java:227)
	at java.lang.Thread.run(Thread.java:748)
